<?xml version="1.0" encoding="UTF-8"?>
<!-- Generated by org.testng.reporters.JUnitReportReporter -->
<testsuite hostname="ISIPL-PUNV-L360" failures="0" tests="1" name="stock.BookStockCompareSpec" time="5.900" errors="0" timestamp="2022-07-19T15:31:39 IST" skipped="0">
  <testcase classname="stock.BookStockCompareSpec" name="testMethod" time="5.900"/>
  <system-out/>
</testsuite> <!-- stock.BookStockCompareSpec -->
